<?xml version="1.0" encoding="UTF-8"?>
<!-- Generated by org.testng.reporters.JUnitReportReporter -->
<testsuite hostname="DESKTOP-S4IV5IQ" failures="0" tests="2" name="TestClass.UpdateTest" time="9.007" errors="0" timestamp="2023-04-11T08:36:10 IST" skipped="0">
  <testcase classname="TestClass.UpdateTest" name="view" time="7.885"/>
  <system-out/>
  <testcase classname="TestClass.UpdateTest" name="login" time="1.122"/>
  <system-out/>
</testsuite> <!-- TestClass.UpdateTest -->
