<?xml version="1.0" encoding="UTF-8"?>
<!-- Generated by org.testng.reporters.JUnitReportReporter -->
<testsuite hostname="DESKTOP-S4IV5IQ" failures="0" tests="1" name="TestClass.CvTest" time="0.225" errors="0" timestamp="2023-04-11T08:36:10 IST" skipped="0">
  <testcase classname="TestClass.CvTest" name="uploadCV" time="0.225"/>
  <system-out/>
</testsuite> <!-- TestClass.CvTest -->
