<?xml version="1.0" encoding="UTF-8"?>
<!-- Generated by org.testng.reporters.JUnitReportReporter -->
<testsuite hostname="DESKTOP-S4IV5IQ" failures="0" tests="2" name="TestClass.UpdateTest" time="22.069" errors="0" timestamp="2023-10-04T19:27:24 IST" skipped="0">
  <testcase classname="TestClass.UpdateTest" name="login" time="4.276"/>
  <system-out/>
  <testcase classname="TestClass.UpdateTest" name="view" time="17.793"/>
  <system-out/>
</testsuite> <!-- TestClass.UpdateTest -->
